c:\users\administrator\documents\driver\joystick\x64\debug\vc143.pdb
c:\users\administrator\documents\driver\joystick\x64\debug\usb.obj
c:\users\administrator\documents\driver\joystick\x64\debug\rawpdo.obj
c:\users\administrator\documents\driver\joystick\x64\debug\hid.obj
c:\users\administrator\documents\driver\joystick\x64\debug\driver.obj
c:\users\administrator\documents\driver\joystick\x64\debug\joystick.sys
c:\users\administrator\documents\driver\joystick\x64\debug\joystick.pdb
c:\users\administrator\documents\driver\joystick\x64\debug\joystick.res
c:\users\administrator\documents\driver\joystick\x64\debug\joystick.inf
c:\users\administrator\documents\driver\joystick\x64\debug\kmdfjoystick.pdb
c:\users\administrator\documents\driver\joystick\x64\debug\joystick.tlog\cl.command.1.tlog
c:\users\administrator\documents\driver\joystick\x64\debug\joystick.tlog\cl.items.tlog
c:\users\administrator\documents\driver\joystick\x64\debug\joystick.tlog\cl.read.1.tlog
c:\users\administrator\documents\driver\joystick\x64\debug\joystick.tlog\cl.write.1.tlog
c:\users\administrator\documents\driver\joystick\x64\debug\joystick.tlog\link.command.1.tlog
c:\users\administrator\documents\driver\joystick\x64\debug\joystick.tlog\link.read.1.tlog
c:\users\administrator\documents\driver\joystick\x64\debug\joystick.tlog\link.secondary.1.tlog
c:\users\administrator\documents\driver\joystick\x64\debug\joystick.tlog\link.write.1.tlog
c:\users\administrator\documents\driver\joystick\x64\debug\joystick.tlog\rc.command.1.tlog
c:\users\administrator\documents\driver\joystick\x64\debug\joystick.tlog\rc.read.1.tlog
c:\users\administrator\documents\driver\joystick\x64\debug\joystick.tlog\rc.write.1.tlog
c:\users\administrator\documents\driver\joystick\x64\debug\joystick.tlog\stampinf.command.1.tlog
c:\users\administrator\documents\driver\joystick\x64\debug\joystick.tlog\stampinf.read.1.tlog
c:\users\administrator\documents\driver\joystick\x64\debug\joystick.tlog\stampinf.write.1.tlog
