c:\users\administrator\documents\driver\virtual gamepad\x64\debug\vc143.pdb
c:\users\administrator\documents\driver\virtual gamepad\x64\debug\queue.obj
c:\users\administrator\documents\driver\virtual gamepad\x64\debug\driver.obj
c:\users\administrator\documents\driver\virtual gamepad\x64\debug\device.obj
c:\users\administrator\documents\driver\virtual gamepad\x64\debug\virtual gamepad\virtualgamepad.cat
c:\users\administrator\documents\driver\virtual gamepad\x64\debug\virtualgamepad.sys
c:\users\administrator\documents\driver\virtual gamepad\x64\debug\virtualgamepad.pdb
c:\users\administrator\documents\driver\virtual gamepad\x64\debug\virtualgamepad.res
c:\users\administrator\documents\driver\virtual gamepad\x64\debug\virtualgamepad.inf
c:\users\administrator\documents\driver\virtual gamepad\x64\debug\device.tmh
c:\users\administrator\documents\driver\virtual gamepad\x64\debug\driver.tmh
c:\users\administrator\documents\driver\virtual gamepad\x64\debug\queue.tmh
c:\users\administrator\documents\driver\virtual gamepad\x64\debug\virtual gamepad.tlog\cl.command.1.tlog
c:\users\administrator\documents\driver\virtual gamepad\x64\debug\virtual gamepad.tlog\cl.items.tlog
c:\users\administrator\documents\driver\virtual gamepad\x64\debug\virtual gamepad.tlog\cl.read.1.tlog
c:\users\administrator\documents\driver\virtual gamepad\x64\debug\virtual gamepad.tlog\cl.write.1.tlog
c:\users\administrator\documents\driver\virtual gamepad\x64\debug\virtual gamepad.tlog\inf2cat-expand.15256.read.1.tlog
c:\users\administrator\documents\driver\virtual gamepad\x64\debug\virtual gamepad.tlog\inf2cat-expand.15256.write.1.tlog
c:\users\administrator\documents\driver\virtual gamepad\x64\debug\virtual gamepad.tlog\inf2cat-expand.read.1.tlog
c:\users\administrator\documents\driver\virtual gamepad\x64\debug\virtual gamepad.tlog\inf2cat-expand.write.1.tlog
c:\users\administrator\documents\driver\virtual gamepad\x64\debug\virtual gamepad.tlog\inf2cat.command.1.tlog
c:\users\administrator\documents\driver\virtual gamepad\x64\debug\virtual gamepad.tlog\inf2cat.read.1.tlog
c:\users\administrator\documents\driver\virtual gamepad\x64\debug\virtual gamepad.tlog\inf2cat.write.1.tlog
c:\users\administrator\documents\driver\virtual gamepad\x64\debug\virtual gamepad.tlog\link.command.1.tlog
c:\users\administrator\documents\driver\virtual gamepad\x64\debug\virtual gamepad.tlog\link.read.1.tlog
c:\users\administrator\documents\driver\virtual gamepad\x64\debug\virtual gamepad.tlog\link.secondary.1.tlog
c:\users\administrator\documents\driver\virtual gamepad\x64\debug\virtual gamepad.tlog\link.write.1.tlog
c:\users\administrator\documents\driver\virtual gamepad\x64\debug\virtual gamepad.tlog\rc.command.1.tlog
c:\users\administrator\documents\driver\virtual gamepad\x64\debug\virtual gamepad.tlog\rc.read.1.tlog
c:\users\administrator\documents\driver\virtual gamepad\x64\debug\virtual gamepad.tlog\rc.write.1.tlog
c:\users\administrator\documents\driver\virtual gamepad\x64\debug\virtual gamepad.tlog\stampinf.command.1.tlog
c:\users\administrator\documents\driver\virtual gamepad\x64\debug\virtual gamepad.tlog\stampinf.read.1.tlog
c:\users\administrator\documents\driver\virtual gamepad\x64\debug\virtual gamepad.tlog\stampinf.write.1.tlog
c:\users\administrator\documents\driver\virtual gamepad\x64\debug\virtual gamepad.tlog\tracewpp.command.1.tlog
c:\users\administrator\documents\driver\virtual gamepad\x64\debug\virtual gamepad.tlog\tracewpp.read.1.tlog
c:\users\administrator\documents\driver\virtual gamepad\x64\debug\virtual gamepad.tlog\tracewpp.write.1.tlog
